<?xml version="1.0" encoding="UTF-8"?>
<testsuite xmlns:xsi="http://www.w3.org/2001/XMLSchema-instance" xsi:noNamespaceSchemaLocation="https://maven.apache.org/surefire/maven-surefire-plugin/xsd/surefire-test-report.xsd" name="com.jt.SpringbootTest" time="5.801" tests="1" errors="0" skipped="0" failures="0">
  <properties>
    <property name="java.specification.version" value="15"/>
    <property name="sun.cpu.isalist" value="amd64"/>
    <property name="sun.jnu.encoding" value="GBK"/>
    <property name="java.class.path" value="E:\spring-tool\workspsts\jts\jts-manage\target\test-classes;E:\spring-tool\workspsts\jts\jts-manage\target\classes;E:\spring-tool\tomc\com\jt\jts-common\0.0.1-SNAPSHOT\jts-common-0.0.1-SNAPSHOT.jar;E:\spring-tool\tomc\org\springframework\boot\spring-boot-starter-web\2.1.9.RELEASE\spring-boot-starter-web-2.1.9.RELEASE.jar;E:\spring-tool\tomc\org\springframework\boot\spring-boot-starter\2.1.9.RELEASE\spring-boot-starter-2.1.9.RELEASE.jar;E:\spring-tool\tomc\org\springframework\boot\spring-boot-starter-logging\2.1.9.RELEASE\spring-boot-starter-logging-2.1.9.RELEASE.jar;E:\spring-tool\tomc\ch\qos\logback\logback-classic\1.2.3\logback-classic-1.2.3.jar;E:\spring-tool\tomc\ch\qos\logback\logback-core\1.2.3\logback-core-1.2.3.jar;E:\spring-tool\tomc\org\apache\logging\log4j\log4j-to-slf4j\2.11.2\log4j-to-slf4j-2.11.2.jar;E:\spring-tool\tomc\org\apache\logging\log4j\log4j-api\2.11.2\log4j-api-2.11.2.jar;E:\spring-tool\tomc\org\slf4j\jul-to-slf4j\1.7.28\jul-to-slf4j-1.7.28.jar;E:\spring-tool\tomc\javax\annotation\javax.annotation-api\1.3.2\javax.annotation-api-1.3.2.jar;E:\spring-tool\tomc\org\yaml\snakeyaml\1.23\snakeyaml-1.23.jar;E:\spring-tool\tomc\org\springframework\boot\spring-boot-starter-json\2.1.9.RELEASE\spring-boot-starter-json-2.1.9.RELEASE.jar;E:\spring-tool\tomc\com\fasterxml\jackson\core\jackson-databind\2.9.9.3\jackson-databind-2.9.9.3.jar;E:\spring-tool\tomc\com\fasterxml\jackson\core\jackson-annotations\2.9.0\jackson-annotations-2.9.0.jar;E:\spring-tool\tomc\com\fasterxml\jackson\core\jackson-core\2.9.9\jackson-core-2.9.9.jar;E:\spring-tool\tomc\com\fasterxml\jackson\datatype\jackson-datatype-jdk8\2.9.9\jackson-datatype-jdk8-2.9.9.jar;E:\spring-tool\tomc\com\fasterxml\jackson\datatype\jackson-datatype-jsr310\2.9.9\jackson-datatype-jsr310-2.9.9.jar;E:\spring-tool\tomc\com\fasterxml\jackson\module\jackson-module-parameter-names\2.9.9\jackson-module-parameter-names-2.9.9.jar;E:\spring-tool\tomc\org\springframework\boot\spring-boot-starter-tomcat\2.1.9.RELEASE\spring-boot-starter-tomcat-2.1.9.RELEASE.jar;E:\spring-tool\tomc\org\apache\tomcat\embed\tomcat-embed-websocket\9.0.26\tomcat-embed-websocket-9.0.26.jar;E:\spring-tool\tomc\org\hibernate\validator\hibernate-validator\6.0.17.Final\hibernate-validator-6.0.17.Final.jar;E:\spring-tool\tomc\javax\validation\validation-api\2.0.1.Final\validation-api-2.0.1.Final.jar;E:\spring-tool\tomc\org\jboss\logging\jboss-logging\3.3.3.Final\jboss-logging-3.3.3.Final.jar;E:\spring-tool\tomc\com\fasterxml\classmate\1.4.0\classmate-1.4.0.jar;E:\spring-tool\tomc\org\springframework\spring-web\5.1.10.RELEASE\spring-web-5.1.10.RELEASE.jar;E:\spring-tool\tomc\org\springframework\spring-beans\5.1.10.RELEASE\spring-beans-5.1.10.RELEASE.jar;E:\spring-tool\tomc\org\springframework\spring-webmvc\5.1.10.RELEASE\spring-webmvc-5.1.10.RELEASE.jar;E:\spring-tool\tomc\org\springframework\spring-context\5.1.10.RELEASE\spring-context-5.1.10.RELEASE.jar;E:\spring-tool\tomc\org\springframework\spring-expression\5.1.10.RELEASE\spring-expression-5.1.10.RELEASE.jar;E:\spring-tool\tomc\org\springframework\boot\spring-boot-starter-aop\2.1.9.RELEASE\spring-boot-starter-aop-2.1.9.RELEASE.jar;E:\spring-tool\tomc\org\springframework\spring-aop\5.1.10.RELEASE\spring-aop-5.1.10.RELEASE.jar;E:\spring-tool\tomc\org\aspectj\aspectjweaver\1.9.4\aspectjweaver-1.9.4.jar;E:\spring-tool\tomc\org\springframework\boot\spring-boot-starter-test\2.1.9.RELEASE\spring-boot-starter-test-2.1.9.RELEASE.jar;E:\spring-tool\tomc\org\springframework\boot\spring-boot-test\2.1.9.RELEASE\spring-boot-test-2.1.9.RELEASE.jar;E:\spring-tool\tomc\org\springframework\boot\spring-boot-test-autoconfigure\2.1.9.RELEASE\spring-boot-test-autoconfigure-2.1.9.RELEASE.jar;E:\spring-tool\tomc\com\jayway\jsonpath\json-path\2.4.0\json-path-2.4.0.jar;E:\spring-tool\tomc\net\minidev\json-smart\2.3\json-smart-2.3.jar;E:\spring-tool\tomc\net\minidev\accessors-smart\1.2\accessors-smart-1.2.jar;E:\spring-tool\tomc\org\ow2\asm\asm\5.0.4\asm-5.0.4.jar;E:\spring-tool\tomc\junit\junit\4.12\junit-4.12.jar;E:\spring-tool\tomc\org\assertj\assertj-core\3.11.1\assertj-core-3.11.1.jar;E:\spring-tool\tomc\org\mockito\mockito-core\2.23.4\mockito-core-2.23.4.jar;E:\spring-tool\tomc\net\bytebuddy\byte-buddy\1.9.16\byte-buddy-1.9.16.jar;E:\spring-tool\tomc\net\bytebuddy\byte-buddy-agent\1.9.16\byte-buddy-agent-1.9.16.jar;E:\spring-tool\tomc\org\objenesis\objenesis\2.6\objenesis-2.6.jar;E:\spring-tool\tomc\org\hamcrest\hamcrest-core\1.3\hamcrest-core-1.3.jar;E:\spring-tool\tomc\org\hamcrest\hamcrest-library\1.3\hamcrest-library-1.3.jar;E:\spring-tool\tomc\org\skyscreamer\jsonassert\1.5.0\jsonassert-1.5.0.jar;E:\spring-tool\tomc\com\vaadin\external\google\android-json\0.0.20131108.vaadin1\android-json-0.0.20131108.vaadin1.jar;E:\spring-tool\tomc\org\springframework\spring-core\5.1.10.RELEASE\spring-core-5.1.10.RELEASE.jar;E:\spring-tool\tomc\org\springframework\spring-jcl\5.1.10.RELEASE\spring-jcl-5.1.10.RELEASE.jar;E:\spring-tool\tomc\org\springframework\spring-test\5.1.10.RELEASE\spring-test-5.1.10.RELEASE.jar;E:\spring-tool\tomc\org\xmlunit\xmlunit-core\2.6.3\xmlunit-core-2.6.3.jar;E:\spring-tool\tomc\javax\xml\bind\jaxb-api\2.3.1\jaxb-api-2.3.1.jar;E:\spring-tool\tomc\javax\activation\javax.activation-api\1.2.0\javax.activation-api-1.2.0.jar;E:\spring-tool\tomc\org\springframework\boot\spring-boot-configuration-processor\2.1.9.RELEASE\spring-boot-configuration-processor-2.1.9.RELEASE.jar;E:\spring-tool\tomc\org\springframework\boot\spring-boot-devtools\2.1.9.RELEASE\spring-boot-devtools-2.1.9.RELEASE.jar;E:\spring-tool\tomc\org\springframework\boot\spring-boot\2.1.9.RELEASE\spring-boot-2.1.9.RELEASE.jar;E:\spring-tool\tomc\org\springframework\boot\spring-boot-autoconfigure\2.1.9.RELEASE\spring-boot-autoconfigure-2.1.9.RELEASE.jar;E:\spring-tool\tomc\org\projectlombok\lombok\1.18.10\lombok-1.18.10.jar;E:\spring-tool\tomc\mysql\mysql-connector-java\8.0.17\mysql-connector-java-8.0.17.jar;E:\spring-tool\tomc\org\springframework\boot\spring-boot-starter-jdbc\2.1.9.RELEASE\spring-boot-starter-jdbc-2.1.9.RELEASE.jar;E:\spring-tool\tomc\com\zaxxer\HikariCP\3.2.0\HikariCP-3.2.0.jar;E:\spring-tool\tomc\org\springframework\spring-jdbc\5.1.10.RELEASE\spring-jdbc-5.1.10.RELEASE.jar;E:\spring-tool\tomc\com\baomidou\mybatis-plus-boot-starter\3.2.0\mybatis-plus-boot-starter-3.2.0.jar;E:\spring-tool\tomc\com\baomidou\mybatis-plus\3.2.0\mybatis-plus-3.2.0.jar;E:\spring-tool\tomc\com\baomidou\mybatis-plus-extension\3.2.0\mybatis-plus-extension-3.2.0.jar;E:\spring-tool\tomc\com\baomidou\mybatis-plus-core\3.2.0\mybatis-plus-core-3.2.0.jar;E:\spring-tool\tomc\com\baomidou\mybatis-plus-annotation\3.2.0\mybatis-plus-annotation-3.2.0.jar;E:\spring-tool\tomc\com\github\jsqlparser\jsqlparser\2.1\jsqlparser-2.1.jar;E:\spring-tool\tomc\org\mybatis\mybatis\3.5.2\mybatis-3.5.2.jar;E:\spring-tool\tomc\org\mybatis\mybatis-spring\2.0.2\mybatis-spring-2.0.2.jar;E:\spring-tool\tomc\redis\clients\jedis\2.9.3\jedis-2.9.3.jar;E:\spring-tool\tomc\org\slf4j\slf4j-api\1.7.28\slf4j-api-1.7.28.jar;E:\spring-tool\tomc\org\apache\commons\commons-pool2\2.6.2\commons-pool2-2.6.2.jar;E:\spring-tool\tomc\org\springframework\data\spring-data-redis\2.1.11.RELEASE\spring-data-redis-2.1.11.RELEASE.jar;E:\spring-tool\tomc\org\springframework\data\spring-data-keyvalue\2.1.11.RELEASE\spring-data-keyvalue-2.1.11.RELEASE.jar;E:\spring-tool\tomc\org\springframework\data\spring-data-commons\2.1.11.RELEASE\spring-data-commons-2.1.11.RELEASE.jar;E:\spring-tool\tomc\org\springframework\spring-tx\5.1.10.RELEASE\spring-tx-5.1.10.RELEASE.jar;E:\spring-tool\tomc\org\springframework\spring-oxm\5.1.10.RELEASE\spring-oxm-5.1.10.RELEASE.jar;E:\spring-tool\tomc\org\springframework\spring-context-support\5.1.10.RELEASE\spring-context-support-5.1.10.RELEASE.jar;E:\spring-tool\tomc\javax\servlet\javax.servlet-api\4.0.1\javax.servlet-api-4.0.1.jar;E:\spring-tool\tomc\javax\servlet\jstl\1.2\jstl-1.2.jar;E:\spring-tool\tomc\org\apache\tomcat\embed\tomcat-embed-jasper\9.0.26\tomcat-embed-jasper-9.0.26.jar;E:\spring-tool\tomc\org\apache\tomcat\embed\tomcat-embed-core\9.0.26\tomcat-embed-core-9.0.26.jar;E:\spring-tool\tomc\org\apache\tomcat\tomcat-annotations-api\9.0.26\tomcat-annotations-api-9.0.26.jar;E:\spring-tool\tomc\org\apache\tomcat\embed\tomcat-embed-el\9.0.26\tomcat-embed-el-9.0.26.jar;E:\spring-tool\tomc\org\eclipse\jdt\ecj\3.18.0\ecj-3.18.0.jar;E:\spring-tool\tomc\org\apache\httpcomponents\httpclient\4.5.10\httpclient-4.5.10.jar;E:\spring-tool\tomc\org\apache\httpcomponents\httpcore\4.4.12\httpcore-4.4.12.jar;E:\spring-tool\tomc\commons-codec\commons-codec\1.11\commons-codec-1.11.jar;E:\spring-tool\tomc\org\springframework\boot\spring-boot-starter-quartz\2.1.9.RELEASE\spring-boot-starter-quartz-2.1.9.RELEASE.jar;E:\spring-tool\tomc\org\quartz-scheduler\quartz\2.3.1\quartz-2.3.1.jar;E:\spring-tool\tomc\com\mchange\mchange-commons-java\0.2.15\mchange-commons-java-0.2.15.jar;E:\spring-tool\tomc\com\alibaba\druid\1.1.12\druid-1.1.12.jar;"/>
    <property name="java.vm.vendor" value="Oracle Corporation"/>
    <property name="sun.arch.data.model" value="64"/>
    <property name="user.variant" value=""/>
    <property name="java.vendor.url" value="https://java.oracle.com/"/>
    <property name="user.timezone" value="Asia/Shanghai"/>
    <property name="os.name" value="Windows 10"/>
    <property name="java.vm.specification.version" value="15"/>
    <property name="sun.java.launcher" value="SUN_STANDARD"/>
    <property name="user.country" value="CN"/>
    <property name="sun.boot.library.path" value="E:\spring-tool\sts-4.8.1.RELEASE\plugins\org.eclipse.justj.openjdk.hotspot.jre.full.win32.x86_64_15.0.0.v20201014-1246\jre\bin"/>
    <property name="sun.java.command" value="C:\Users\鑫\AppData\Local\Temp\surefire185844549417071526\surefirebooter13202803173856778024.jar C:\Users\鑫\AppData\Local\Temp\surefire185844549417071526 2020-12-08T16-50-39_356-jvmRun1 surefire2592332522064235524tmp surefire_017027728142725834229tmp"/>
    <property name="jdk.debug" value="release"/>
    <property name="surefire.test.class.path" value="E:\spring-tool\workspsts\jts\jts-manage\target\test-classes;E:\spring-tool\workspsts\jts\jts-manage\target\classes;E:\spring-tool\tomc\com\jt\jts-common\0.0.1-SNAPSHOT\jts-common-0.0.1-SNAPSHOT.jar;E:\spring-tool\tomc\org\springframework\boot\spring-boot-starter-web\2.1.9.RELEASE\spring-boot-starter-web-2.1.9.RELEASE.jar;E:\spring-tool\tomc\org\springframework\boot\spring-boot-starter\2.1.9.RELEASE\spring-boot-starter-2.1.9.RELEASE.jar;E:\spring-tool\tomc\org\springframework\boot\spring-boot-starter-logging\2.1.9.RELEASE\spring-boot-starter-logging-2.1.9.RELEASE.jar;E:\spring-tool\tomc\ch\qos\logback\logback-classic\1.2.3\logback-classic-1.2.3.jar;E:\spring-tool\tomc\ch\qos\logback\logback-core\1.2.3\logback-core-1.2.3.jar;E:\spring-tool\tomc\org\apache\logging\log4j\log4j-to-slf4j\2.11.2\log4j-to-slf4j-2.11.2.jar;E:\spring-tool\tomc\org\apache\logging\log4j\log4j-api\2.11.2\log4j-api-2.11.2.jar;E:\spring-tool\tomc\org\slf4j\jul-to-slf4j\1.7.28\jul-to-slf4j-1.7.28.jar;E:\spring-tool\tomc\javax\annotation\javax.annotation-api\1.3.2\javax.annotation-api-1.3.2.jar;E:\spring-tool\tomc\org\yaml\snakeyaml\1.23\snakeyaml-1.23.jar;E:\spring-tool\tomc\org\springframework\boot\spring-boot-starter-json\2.1.9.RELEASE\spring-boot-starter-json-2.1.9.RELEASE.jar;E:\spring-tool\tomc\com\fasterxml\jackson\core\jackson-databind\2.9.9.3\jackson-databind-2.9.9.3.jar;E:\spring-tool\tomc\com\fasterxml\jackson\core\jackson-annotations\2.9.0\jackson-annotations-2.9.0.jar;E:\spring-tool\tomc\com\fasterxml\jackson\core\jackson-core\2.9.9\jackson-core-2.9.9.jar;E:\spring-tool\tomc\com\fasterxml\jackson\datatype\jackson-datatype-jdk8\2.9.9\jackson-datatype-jdk8-2.9.9.jar;E:\spring-tool\tomc\com\fasterxml\jackson\datatype\jackson-datatype-jsr310\2.9.9\jackson-datatype-jsr310-2.9.9.jar;E:\spring-tool\tomc\com\fasterxml\jackson\module\jackson-module-parameter-names\2.9.9\jackson-module-parameter-names-2.9.9.jar;E:\spring-tool\tomc\org\springframework\boot\spring-boot-starter-tomcat\2.1.9.RELEASE\spring-boot-starter-tomcat-2.1.9.RELEASE.jar;E:\spring-tool\tomc\org\apache\tomcat\embed\tomcat-embed-websocket\9.0.26\tomcat-embed-websocket-9.0.26.jar;E:\spring-tool\tomc\org\hibernate\validator\hibernate-validator\6.0.17.Final\hibernate-validator-6.0.17.Final.jar;E:\spring-tool\tomc\javax\validation\validation-api\2.0.1.Final\validation-api-2.0.1.Final.jar;E:\spring-tool\tomc\org\jboss\logging\jboss-logging\3.3.3.Final\jboss-logging-3.3.3.Final.jar;E:\spring-tool\tomc\com\fasterxml\classmate\1.4.0\classmate-1.4.0.jar;E:\spring-tool\tomc\org\springframework\spring-web\5.1.10.RELEASE\spring-web-5.1.10.RELEASE.jar;E:\spring-tool\tomc\org\springframework\spring-beans\5.1.10.RELEASE\spring-beans-5.1.10.RELEASE.jar;E:\spring-tool\tomc\org\springframework\spring-webmvc\5.1.10.RELEASE\spring-webmvc-5.1.10.RELEASE.jar;E:\spring-tool\tomc\org\springframework\spring-context\5.1.10.RELEASE\spring-context-5.1.10.RELEASE.jar;E:\spring-tool\tomc\org\springframework\spring-expression\5.1.10.RELEASE\spring-expression-5.1.10.RELEASE.jar;E:\spring-tool\tomc\org\springframework\boot\spring-boot-starter-aop\2.1.9.RELEASE\spring-boot-starter-aop-2.1.9.RELEASE.jar;E:\spring-tool\tomc\org\springframework\spring-aop\5.1.10.RELEASE\spring-aop-5.1.10.RELEASE.jar;E:\spring-tool\tomc\org\aspectj\aspectjweaver\1.9.4\aspectjweaver-1.9.4.jar;E:\spring-tool\tomc\org\springframework\boot\spring-boot-starter-test\2.1.9.RELEASE\spring-boot-starter-test-2.1.9.RELEASE.jar;E:\spring-tool\tomc\org\springframework\boot\spring-boot-test\2.1.9.RELEASE\spring-boot-test-2.1.9.RELEASE.jar;E:\spring-tool\tomc\org\springframework\boot\spring-boot-test-autoconfigure\2.1.9.RELEASE\spring-boot-test-autoconfigure-2.1.9.RELEASE.jar;E:\spring-tool\tomc\com\jayway\jsonpath\json-path\2.4.0\json-path-2.4.0.jar;E:\spring-tool\tomc\net\minidev\json-smart\2.3\json-smart-2.3.jar;E:\spring-tool\tomc\net\minidev\accessors-smart\1.2\accessors-smart-1.2.jar;E:\spring-tool\tomc\org\ow2\asm\asm\5.0.4\asm-5.0.4.jar;E:\spring-tool\tomc\junit\junit\4.12\junit-4.12.jar;E:\spring-tool\tomc\org\assertj\assertj-core\3.11.1\assertj-core-3.11.1.jar;E:\spring-tool\tomc\org\mockito\mockito-core\2.23.4\mockito-core-2.23.4.jar;E:\spring-tool\tomc\net\bytebuddy\byte-buddy\1.9.16\byte-buddy-1.9.16.jar;E:\spring-tool\tomc\net\bytebuddy\byte-buddy-agent\1.9.16\byte-buddy-agent-1.9.16.jar;E:\spring-tool\tomc\org\objenesis\objenesis\2.6\objenesis-2.6.jar;E:\spring-tool\tomc\org\hamcrest\hamcrest-core\1.3\hamcrest-core-1.3.jar;E:\spring-tool\tomc\org\hamcrest\hamcrest-library\1.3\hamcrest-library-1.3.jar;E:\spring-tool\tomc\org\skyscreamer\jsonassert\1.5.0\jsonassert-1.5.0.jar;E:\spring-tool\tomc\com\vaadin\external\google\android-json\0.0.20131108.vaadin1\android-json-0.0.20131108.vaadin1.jar;E:\spring-tool\tomc\org\springframework\spring-core\5.1.10.RELEASE\spring-core-5.1.10.RELEASE.jar;E:\spring-tool\tomc\org\springframework\spring-jcl\5.1.10.RELEASE\spring-jcl-5.1.10.RELEASE.jar;E:\spring-tool\tomc\org\springframework\spring-test\5.1.10.RELEASE\spring-test-5.1.10.RELEASE.jar;E:\spring-tool\tomc\org\xmlunit\xmlunit-core\2.6.3\xmlunit-core-2.6.3.jar;E:\spring-tool\tomc\javax\xml\bind\jaxb-api\2.3.1\jaxb-api-2.3.1.jar;E:\spring-tool\tomc\javax\activation\javax.activation-api\1.2.0\javax.activation-api-1.2.0.jar;E:\spring-tool\tomc\org\springframework\boot\spring-boot-configuration-processor\2.1.9.RELEASE\spring-boot-configuration-processor-2.1.9.RELEASE.jar;E:\spring-tool\tomc\org\springframework\boot\spring-boot-devtools\2.1.9.RELEASE\spring-boot-devtools-2.1.9.RELEASE.jar;E:\spring-tool\tomc\org\springframework\boot\spring-boot\2.1.9.RELEASE\spring-boot-2.1.9.RELEASE.jar;E:\spring-tool\tomc\org\springframework\boot\spring-boot-autoconfigure\2.1.9.RELEASE\spring-boot-autoconfigure-2.1.9.RELEASE.jar;E:\spring-tool\tomc\org\projectlombok\lombok\1.18.10\lombok-1.18.10.jar;E:\spring-tool\tomc\mysql\mysql-connector-java\8.0.17\mysql-connector-java-8.0.17.jar;E:\spring-tool\tomc\org\springframework\boot\spring-boot-starter-jdbc\2.1.9.RELEASE\spring-boot-starter-jdbc-2.1.9.RELEASE.jar;E:\spring-tool\tomc\com\zaxxer\HikariCP\3.2.0\HikariCP-3.2.0.jar;E:\spring-tool\tomc\org\springframework\spring-jdbc\5.1.10.RELEASE\spring-jdbc-5.1.10.RELEASE.jar;E:\spring-tool\tomc\com\baomidou\mybatis-plus-boot-starter\3.2.0\mybatis-plus-boot-starter-3.2.0.jar;E:\spring-tool\tomc\com\baomidou\mybatis-plus\3.2.0\mybatis-plus-3.2.0.jar;E:\spring-tool\tomc\com\baomidou\mybatis-plus-extension\3.2.0\mybatis-plus-extension-3.2.0.jar;E:\spring-tool\tomc\com\baomidou\mybatis-plus-core\3.2.0\mybatis-plus-core-3.2.0.jar;E:\spring-tool\tomc\com\baomidou\mybatis-plus-annotation\3.2.0\mybatis-plus-annotation-3.2.0.jar;E:\spring-tool\tomc\com\github\jsqlparser\jsqlparser\2.1\jsqlparser-2.1.jar;E:\spring-tool\tomc\org\mybatis\mybatis\3.5.2\mybatis-3.5.2.jar;E:\spring-tool\tomc\org\mybatis\mybatis-spring\2.0.2\mybatis-spring-2.0.2.jar;E:\spring-tool\tomc\redis\clients\jedis\2.9.3\jedis-2.9.3.jar;E:\spring-tool\tomc\org\slf4j\slf4j-api\1.7.28\slf4j-api-1.7.28.jar;E:\spring-tool\tomc\org\apache\commons\commons-pool2\2.6.2\commons-pool2-2.6.2.jar;E:\spring-tool\tomc\org\springframework\data\spring-data-redis\2.1.11.RELEASE\spring-data-redis-2.1.11.RELEASE.jar;E:\spring-tool\tomc\org\springframework\data\spring-data-keyvalue\2.1.11.RELEASE\spring-data-keyvalue-2.1.11.RELEASE.jar;E:\spring-tool\tomc\org\springframework\data\spring-data-commons\2.1.11.RELEASE\spring-data-commons-2.1.11.RELEASE.jar;E:\spring-tool\tomc\org\springframework\spring-tx\5.1.10.RELEASE\spring-tx-5.1.10.RELEASE.jar;E:\spring-tool\tomc\org\springframework\spring-oxm\5.1.10.RELEASE\spring-oxm-5.1.10.RELEASE.jar;E:\spring-tool\tomc\org\springframework\spring-context-support\5.1.10.RELEASE\spring-context-support-5.1.10.RELEASE.jar;E:\spring-tool\tomc\javax\servlet\javax.servlet-api\4.0.1\javax.servlet-api-4.0.1.jar;E:\spring-tool\tomc\javax\servlet\jstl\1.2\jstl-1.2.jar;E:\spring-tool\tomc\org\apache\tomcat\embed\tomcat-embed-jasper\9.0.26\tomcat-embed-jasper-9.0.26.jar;E:\spring-tool\tomc\org\apache\tomcat\embed\tomcat-embed-core\9.0.26\tomcat-embed-core-9.0.26.jar;E:\spring-tool\tomc\org\apache\tomcat\tomcat-annotations-api\9.0.26\tomcat-annotations-api-9.0.26.jar;E:\spring-tool\tomc\org\apache\tomcat\embed\tomcat-embed-el\9.0.26\tomcat-embed-el-9.0.26.jar;E:\spring-tool\tomc\org\eclipse\jdt\ecj\3.18.0\ecj-3.18.0.jar;E:\spring-tool\tomc\org\apache\httpcomponents\httpclient\4.5.10\httpclient-4.5.10.jar;E:\spring-tool\tomc\org\apache\httpcomponents\httpcore\4.4.12\httpcore-4.4.12.jar;E:\spring-tool\tomc\commons-codec\commons-codec\1.11\commons-codec-1.11.jar;E:\spring-tool\tomc\org\springframework\boot\spring-boot-starter-quartz\2.1.9.RELEASE\spring-boot-starter-quartz-2.1.9.RELEASE.jar;E:\spring-tool\tomc\org\quartz-scheduler\quartz\2.3.1\quartz-2.3.1.jar;E:\spring-tool\tomc\com\mchange\mchange-commons-java\0.2.15\mchange-commons-java-0.2.15.jar;E:\spring-tool\tomc\com\alibaba\druid\1.1.12\druid-1.1.12.jar;"/>
    <property name="sun.cpu.endian" value="little"/>
    <property name="user.home" value="C:\Users\鑫"/>
    <property name="user.language" value="zh"/>
    <property name="java.specification.vendor" value="Oracle Corporation"/>
    <property name="java.version.date" value="2020-09-15"/>
    <property name="java.home" value="E:\spring-tool\sts-4.8.1.RELEASE\plugins\org.eclipse.justj.openjdk.hotspot.jre.full.win32.x86_64_15.0.0.v20201014-1246\jre"/>
    <property name="file.separator" value="\"/>
    <property name="style.color" value="always"/>
    <property name="basedir" value="E:\spring-tool\workspsts\jts\jts-manage"/>
    <property name="java.vm.compressedOopsMode" value="32-bit"/>
    <property name="line.separator" value="&#10;"/>
    <property name="java.vm.specification.vendor" value="Oracle Corporation"/>
    <property name="java.specification.name" value="Java Platform API Specification"/>
    <property name="surefire.real.class.path" value="C:\Users\鑫\AppData\Local\Temp\surefire185844549417071526\surefirebooter13202803173856778024.jar"/>
    <property name="user.script" value=""/>
    <property name="sun.management.compiler" value="HotSpot 64-Bit Tiered Compilers"/>
    <property name="java.runtime.version" value="15+36-1562"/>
    <property name="user.name" value="鑫"/>
    <property name="path.separator" value=";"/>
    <property name="os.version" value="10.0"/>
    <property name="java.runtime.name" value="OpenJDK Runtime Environment"/>
    <property name="file.encoding" value="GBK"/>
    <property name="java.vm.name" value="OpenJDK 64-Bit Server VM"/>
    <property name="localRepository" value="E:\spring-tool\tomc"/>
    <property name="java.vendor.url.bug" value="https://bugreport.java.com/bugreport/"/>
    <property name="java.io.tmpdir" value="C:\Users\鑫\AppData\Local\Temp\"/>
    <property name="java.version" value="15"/>
    <property name="user.dir" value="E:\spring-tool\workspsts\jts\jts-manage"/>
    <property name="os.arch" value="amd64"/>
    <property name="java.vm.specification.name" value="Java Virtual Machine Specification"/>
    <property name="sun.os.patch.level" value=""/>
    <property name="java.library.path" value="E:\spring-tool\sts-4.8.1.RELEASE\plugins\org.eclipse.justj.openjdk.hotspot.jre.full.win32.x86_64_15.0.0.v20201014-1246\jre\bin;C:\WINDOWS\Sun\Java\bin;C:\WINDOWS\system32;C:\WINDOWS;E:/spring-tool/sts-4.8.1.RELEASE//plugins/org.eclipse.justj.openjdk.hotspot.jre.full.win32.x86_64_15.0.0.v20201014-1246/jre/bin/server;E:/spring-tool/sts-4.8.1.RELEASE//plugins/org.eclipse.justj.openjdk.hotspot.jre.full.win32.x86_64_15.0.0.v20201014-1246/jre/bin;E:\VMware\bin\;C:\Program Files\Common Files\Oracle\Java\javapath;C:\WINDOWS\system32;C:\WINDOWS;C:\WINDOWS\System32\Wbem;C:\WINDOWS\System32\WindowsPowerShell\v1.0\;C:\Program Files\mysql-5.6.43-winx64\bin;C:\Program Files\Java\jdk-15\bin;C:\Program Files\Java\jdk-15\jre\bin;C:\Users\鑫\AppData\Local\Microsoft\WindowsApps;;E:\spring-tool\sts-4.8.1.RELEASE;;."/>
    <property name="java.vm.info" value="mixed mode"/>
    <property name="java.vendor" value="Oracle Corporation"/>
    <property name="java.vm.version" value="15+36-1562"/>
    <property name="sun.io.unicode.encoding" value="UnicodeLittle"/>
    <property name="java.class.version" value="59.0"/>
  </properties>
  <testcase name="testMapper" classname="com.jt.SpringbootTest" time="1.826"/>
</testsuite>